mode: set
evrone_go_hw_5_1/internal/app/app.go:17.51,28.52 2 0
evrone_go_hw_5_1/internal/app/app.go:28.52,31.3 2 0
evrone_go_hw_5_1/internal/app/app.go:32.2,35.16 3 0
evrone_go_hw_5_1/internal/app/app.go:35.16,38.3 2 0
evrone_go_hw_5_1/internal/app/app.go:39.2,42.16 3 0
evrone_go_hw_5_1/internal/app/app.go:42.16,46.3 3 0
evrone_go_hw_5_1/internal/app/app.go:47.2,55.25 7 0
evrone_go_hw_5_1/internal/entity/dto/save-user-request-body.go:9.49,11.2 1 0
evrone_go_hw_5_1/config/config.go:24.35,28.16 3 0
evrone_go_hw_5_1/config/config.go:28.16,30.3 1 0
evrone_go_hw_5_1/config/config.go:32.2,32.34 1 0
evrone_go_hw_5_1/config/config.go:32.34,34.3 1 0
evrone_go_hw_5_1/config/config.go:36.2,36.18 1 0
evrone_go_hw_5_1/cmd/users-manager/main.go:12.13,18.16 4 0
evrone_go_hw_5_1/cmd/users-manager/main.go:18.16,20.3 1 0
evrone_go_hw_5_1/cmd/users-manager/main.go:22.2,22.19 1 0
evrone_go_hw_5_1/internal/controller/http/router.go:11.48,24.2 9 0
evrone_go_hw_5_1/internal/controller/http/router.go:26.63,27.82 1 0
evrone_go_hw_5_1/internal/controller/http/router.go:27.82,30.3 2 0
evrone_go_hw_5_1/internal/controller/http/router.go:33.56,34.82 1 0
evrone_go_hw_5_1/internal/controller/http/router.go:34.82,37.3 2 0
evrone_go_hw_5_1/internal/controller/http/server.go:21.78,23.2 1 0
evrone_go_hw_5_1/internal/controller/http/server.go:25.74,28.16 3 0
evrone_go_hw_5_1/internal/controller/http/server.go:28.16,32.3 3 0
evrone_go_hw_5_1/internal/controller/http/server.go:34.2,34.28 1 0
evrone_go_hw_5_1/internal/controller/http/server.go:34.28,37.3 2 0
evrone_go_hw_5_1/internal/controller/http/server.go:39.2,40.16 2 0
evrone_go_hw_5_1/internal/controller/http/server.go:40.16,44.3 3 0
evrone_go_hw_5_1/internal/controller/http/server.go:46.2,54.16 3 0
evrone_go_hw_5_1/internal/controller/http/server.go:54.16,58.3 3 0
evrone_go_hw_5_1/internal/controller/http/server.go:60.2,60.32 1 0
evrone_go_hw_5_1/internal/controller/http/server.go:63.78,67.16 3 0
evrone_go_hw_5_1/internal/controller/http/server.go:67.16,68.48 1 0
evrone_go_hw_5_1/internal/controller/http/server.go:68.48,71.4 2 0
evrone_go_hw_5_1/internal/controller/http/server.go:73.3,75.9 3 0
evrone_go_hw_5_1/internal/controller/http/server.go:78.2,86.16 3 0
evrone_go_hw_5_1/internal/controller/http/server.go:86.16,90.3 3 0
evrone_go_hw_5_1/internal/controller/http/server.go:92.2,92.32 1 0
evrone_go_hw_5_1/internal/controller/http/server.go:95.77,97.16 2 0
evrone_go_hw_5_1/internal/controller/http/server.go:97.16,101.3 3 0
evrone_go_hw_5_1/internal/controller/http/server.go:103.2,104.23 2 0
evrone_go_hw_5_1/internal/controller/http/server.go:104.23,112.3 2 0
evrone_go_hw_5_1/internal/controller/http/server.go:114.2,117.16 3 0
evrone_go_hw_5_1/internal/controller/http/server.go:117.16,121.3 3 0
evrone_go_hw_5_1/internal/controller/http/server.go:123.2,123.33 1 0
evrone_go_hw_5_1/internal/controller/http/server.go:126.80,130.16 3 0
evrone_go_hw_5_1/internal/controller/http/server.go:130.16,131.48 1 0
evrone_go_hw_5_1/internal/controller/http/server.go:131.48,134.4 2 0
evrone_go_hw_5_1/internal/controller/http/server.go:136.3,138.9 3 0
evrone_go_hw_5_1/internal/controller/http/server.go:141.2,141.42 1 0
evrone_go_hw_5_1/internal/controller/http/server.go:144.89,151.16 3 0
evrone_go_hw_5_1/internal/controller/http/server.go:151.16,155.3 3 0
evrone_go_hw_5_1/internal/controller/http/server.go:156.2,157.28 2 0
evrone_go_hw_5_1/internal/repo/contracts.go:17.44,19.2 1 0
evrone_go_hw_5_1/internal/repo/contracts_mocks.go:27.73,31.2 3 0
evrone_go_hw_5_1/internal/repo/contracts_mocks.go:34.71,36.2 1 0
evrone_go_hw_5_1/internal/repo/contracts_mocks.go:39.79,44.2 4 0
evrone_go_hw_5_1/internal/repo/contracts_mocks.go:47.88,50.2 2 0
evrone_go_hw_5_1/internal/repo/contracts_mocks.go:53.82,59.2 5 0
evrone_go_hw_5_1/internal/repo/contracts_mocks.go:62.81,65.2 2 0
evrone_go_hw_5_1/internal/repo/contracts_mocks.go:68.92,74.2 5 0
evrone_go_hw_5_1/internal/repo/contracts_mocks.go:77.86,80.2 2 0
evrone_go_hw_5_1/internal/repo/contracts_mocks.go:83.95,89.2 5 0
evrone_go_hw_5_1/internal/repo/contracts_mocks.go:92.84,95.2 2 0
evrone_go_hw_5_1/internal/repo/contracts_mocks.go:109.83,113.2 3 0
evrone_go_hw_5_1/internal/repo/contracts_mocks.go:116.81,118.2 1 0
evrone_go_hw_5_1/internal/repo/contracts_mocks.go:121.102,127.2 5 0
evrone_go_hw_5_1/internal/repo/contracts_mocks.go:130.101,133.2 2 0
evrone_go_hw_5_1/internal/repo/contracts_mocks.go:136.107,142.2 5 0
evrone_go_hw_5_1/internal/repo/contracts_mocks.go:145.101,148.2 2 0
evrone_go_hw_5_1/internal/repo/contracts_mocks.go:151.86,156.2 4 0
evrone_go_hw_5_1/internal/repo/contracts_mocks.go:159.102,162.2 2 0
evrone_go_hw_5_1/internal/repo/contracts_mocks.go:165.95,170.2 4 0
evrone_go_hw_5_1/internal/repo/contracts_mocks.go:173.104,176.2 2 0
evrone_go_hw_5_1/internal/repo/contracts_mocks.go:179.102,184.2 4 0
evrone_go_hw_5_1/internal/repo/contracts_mocks.go:187.104,190.2 2 0
evrone_go_hw_5_1/internal/repo/contracts_mocks.go:193.96,198.2 4 0
evrone_go_hw_5_1/internal/repo/contracts_mocks.go:201.100,204.2 2 0
evrone_go_hw_5_1/internal/repo/contracts_mocks.go:218.85,222.2 3 0
evrone_go_hw_5_1/internal/repo/contracts_mocks.go:225.83,227.2 1 0
evrone_go_hw_5_1/internal/repo/contracts_mocks.go:230.106,235.2 4 0
evrone_go_hw_5_1/internal/repo/contracts_mocks.go:238.113,241.2 2 0
evrone_go_hw_5_1/internal/repo/nats-method-called-notifier.go:21.97,23.2 1 0
evrone_go_hw_5_1/internal/repo/nats-method-called-notifier.go:25.101,32.16 3 0
evrone_go_hw_5_1/internal/repo/nats-method-called-notifier.go:32.16,34.3 1 0
evrone_go_hw_5_1/internal/repo/nats-method-called-notifier.go:36.2,36.75 1 0
evrone_go_hw_5_1/internal/repo/nats-method-called-notifier.go:36.75,38.3 1 0
evrone_go_hw_5_1/internal/repo/nats-method-called-notifier.go:40.2,41.12 2 0
evrone_go_hw_5_1/internal/repo/postgre-user-repo.go:16.58,18.2 1 0
evrone_go_hw_5_1/internal/repo/postgre-user-repo.go:20.91,25.16 4 0
evrone_go_hw_5_1/internal/repo/postgre-user-repo.go:25.16,27.3 1 0
evrone_go_hw_5_1/internal/repo/postgre-user-repo.go:28.2,30.18 2 0
evrone_go_hw_5_1/internal/repo/postgre-user-repo.go:33.88,45.35 4 0
evrone_go_hw_5_1/internal/repo/postgre-user-repo.go:45.35,47.3 1 0
evrone_go_hw_5_1/internal/repo/postgre-user-repo.go:48.2,48.16 1 0
evrone_go_hw_5_1/internal/repo/postgre-user-repo.go:48.16,50.3 1 0
evrone_go_hw_5_1/internal/repo/postgre-user-repo.go:52.2,52.18 1 0
evrone_go_hw_5_1/internal/repo/postgre-user-repo.go:55.78,59.16 3 0
evrone_go_hw_5_1/internal/repo/postgre-user-repo.go:59.16,61.3 1 0
evrone_go_hw_5_1/internal/repo/postgre-user-repo.go:62.2,66.18 3 0
evrone_go_hw_5_1/internal/repo/postgre-user-repo.go:66.18,76.17 3 0
evrone_go_hw_5_1/internal/repo/postgre-user-repo.go:76.17,78.4 1 0
evrone_go_hw_5_1/internal/repo/postgre-user-repo.go:80.3,80.30 1 0
evrone_go_hw_5_1/internal/repo/postgre-user-repo.go:83.2,83.35 1 0
evrone_go_hw_5_1/internal/repo/postgre-user-repo.go:83.35,85.3 1 0
evrone_go_hw_5_1/internal/repo/postgre-user-repo.go:87.2,87.19 1 0
evrone_go_hw_5_1/internal/repo/postgre-user-repo.go:90.75,94.16 3 0
evrone_go_hw_5_1/internal/repo/postgre-user-repo.go:94.16,96.3 1 0
evrone_go_hw_5_1/internal/repo/postgre-user-repo.go:98.2,98.12 1 0
evrone_go_hw_5_1/internal/repo/redis-user-cache-repo.go:21.90,23.2 1 0
evrone_go_hw_5_1/internal/repo/redis-user-cache-repo.go:25.90,26.19 1 0
evrone_go_hw_5_1/internal/repo/redis-user-cache-repo.go:26.19,28.3 1 0
evrone_go_hw_5_1/internal/repo/redis-user-cache-repo.go:30.2,32.16 3 0
evrone_go_hw_5_1/internal/repo/redis-user-cache-repo.go:32.16,34.3 1 0
evrone_go_hw_5_1/internal/repo/redis-user-cache-repo.go:36.2,37.16 2 0
evrone_go_hw_5_1/internal/repo/redis-user-cache-repo.go:37.16,39.3 1 0
evrone_go_hw_5_1/internal/repo/redis-user-cache-repo.go:41.2,41.12 1 0
evrone_go_hw_5_1/internal/repo/redis-user-cache-repo.go:44.97,47.16 3 0
evrone_go_hw_5_1/internal/repo/redis-user-cache-repo.go:47.16,49.3 1 0
evrone_go_hw_5_1/internal/repo/redis-user-cache-repo.go:51.2,52.16 2 0
evrone_go_hw_5_1/internal/repo/redis-user-cache-repo.go:52.16,54.3 1 0
evrone_go_hw_5_1/internal/repo/redis-user-cache-repo.go:56.2,56.12 1 0
evrone_go_hw_5_1/internal/repo/redis-user-cache-repo.go:59.101,62.16 3 0
evrone_go_hw_5_1/internal/repo/redis-user-cache-repo.go:62.16,63.23 1 0
evrone_go_hw_5_1/internal/repo/redis-user-cache-repo.go:63.23,65.4 1 0
evrone_go_hw_5_1/internal/repo/redis-user-cache-repo.go:66.3,66.131 1 0
evrone_go_hw_5_1/internal/repo/redis-user-cache-repo.go:69.2,71.16 3 0
evrone_go_hw_5_1/internal/repo/redis-user-cache-repo.go:71.16,73.3 1 0
evrone_go_hw_5_1/internal/repo/redis-user-cache-repo.go:75.2,75.18 1 0
evrone_go_hw_5_1/internal/repo/redis-user-cache-repo.go:78.96,82.16 3 0
evrone_go_hw_5_1/internal/repo/redis-user-cache-repo.go:82.16,83.23 1 0
evrone_go_hw_5_1/internal/repo/redis-user-cache-repo.go:83.23,85.4 1 0
evrone_go_hw_5_1/internal/repo/redis-user-cache-repo.go:86.3,86.133 1 0
evrone_go_hw_5_1/internal/repo/redis-user-cache-repo.go:89.2,91.16 3 0
evrone_go_hw_5_1/internal/repo/redis-user-cache-repo.go:91.16,93.3 1 0
evrone_go_hw_5_1/internal/repo/redis-user-cache-repo.go:95.2,95.19 1 0
evrone_go_hw_5_1/internal/repo/redis-user-cache-repo.go:98.80,101.16 3 0
evrone_go_hw_5_1/internal/repo/redis-user-cache-repo.go:101.16,103.3 1 0
evrone_go_hw_5_1/internal/repo/redis-user-cache-repo.go:105.2,105.12 1 0
evrone_go_hw_5_1/internal/repo/redis-user-cache-repo.go:108.89,112.16 3 0
evrone_go_hw_5_1/internal/repo/redis-user-cache-repo.go:112.16,114.3 1 0
evrone_go_hw_5_1/internal/repo/redis-user-cache-repo.go:116.2,116.12 1 0
evrone_go_hw_5_1/internal/repo/redis-user-cache-repo.go:119.44,121.2 1 0
evrone_go_hw_5_1/internal/repo/redis-user-cache-repo.go:123.32,125.2 1 0
evrone_go_hw_5_1/internal/usecase/user-service.go:18.144,20.2 1 1
evrone_go_hw_5_1/internal/usecase/user-service.go:22.124,31.16 4 1
evrone_go_hw_5_1/internal/usecase/user-service.go:31.16,33.3 1 1
evrone_go_hw_5_1/internal/usecase/user-service.go:35.2,36.23 2 1
evrone_go_hw_5_1/internal/usecase/user-service.go:39.83,45.16 3 1
evrone_go_hw_5_1/internal/usecase/user-service.go:45.16,46.49 1 1
evrone_go_hw_5_1/internal/usecase/user-service.go:46.49,48.4 1 1
evrone_go_hw_5_1/internal/usecase/user-service.go:50.3,51.17 2 1
evrone_go_hw_5_1/internal/usecase/user-service.go:51.17,52.49 1 1
evrone_go_hw_5_1/internal/usecase/user-service.go:52.49,54.5 1 1
evrone_go_hw_5_1/internal/usecase/user-service.go:56.4,56.119 1 1
evrone_go_hw_5_1/internal/usecase/user-service.go:59.3,59.41 1 1
evrone_go_hw_5_1/internal/usecase/user-service.go:62.2,62.18 1 1
evrone_go_hw_5_1/internal/usecase/user-service.go:65.76,69.16 3 1
evrone_go_hw_5_1/internal/usecase/user-service.go:69.16,70.49 1 1
evrone_go_hw_5_1/internal/usecase/user-service.go:70.49,72.4 1 1
evrone_go_hw_5_1/internal/usecase/user-service.go:74.3,75.17 2 1
evrone_go_hw_5_1/internal/usecase/user-service.go:75.17,77.4 1 1
evrone_go_hw_5_1/internal/usecase/user-service.go:79.3,79.46 1 1
evrone_go_hw_5_1/internal/usecase/user-service.go:82.2,82.19 1 1
evrone_go_hw_5_1/internal/usecase/user-service.go:85.71,91.16 3 1
evrone_go_hw_5_1/internal/usecase/user-service.go:91.16,93.3 1 1
evrone_go_hw_5_1/internal/usecase/user-service.go:95.2,97.12 3 1
